0 info it worked if it ends with ok
1 verbose cli [ 'node', '/usr/local/bin/npm', 'install', '-g', 'react-tools' ]
2 info using npm@1.4.28
3 info using node@v0.10.32
4 verbose cache add [ 'react-tools', null ]
5 verbose cache add name=undefined spec="react-tools" args=["react-tools",null]
6 verbose parsed url { protocol: null,
6 verbose parsed url   slashes: null,
6 verbose parsed url   auth: null,
6 verbose parsed url   host: null,
6 verbose parsed url   port: null,
6 verbose parsed url   hostname: null,
6 verbose parsed url   hash: null,
6 verbose parsed url   search: null,
6 verbose parsed url   query: null,
6 verbose parsed url   pathname: 'react-tools',
6 verbose parsed url   path: 'react-tools',
6 verbose parsed url   href: 'react-tools' }
7 silly lockFile 0f761efe-react-tools react-tools
8 verbose lock react-tools /Users/b/.npm/0f761efe-react-tools.lock
9 silly lockFile 0f761efe-react-tools react-tools
10 silly lockFile 0f761efe-react-tools react-tools
11 verbose addNamed [ 'react-tools', '' ]
12 verbose addNamed [ null, '*' ]
13 silly lockFile 47fcd5e0-react-tools react-tools@
14 verbose lock react-tools@ /Users/b/.npm/47fcd5e0-react-tools.lock
15 silly addNameRange { name: 'react-tools', range: '*', hasData: false }
16 verbose request where is /react-tools
17 verbose request registry https://registry.npmjs.org/
18 verbose request id b37f948cedaaad18
19 verbose url raw /react-tools
20 verbose url resolving [ 'https://registry.npmjs.org/', './react-tools' ]
21 verbose url resolved https://registry.npmjs.org/react-tools
22 verbose request where is https://registry.npmjs.org/react-tools
23 info trying registry request attempt 1 at 17:41:41
24 verbose etag "9SFDMOY60CEMHQ24MP7CL72TL"
25 http GET https://registry.npmjs.org/react-tools
26 http 200 https://registry.npmjs.org/react-tools
27 silly registry.get cb [ 200,
27 silly registry.get   { date: 'Fri, 23 Jan 2015 01:41:42 GMT',
27 silly registry.get     server: 'CouchDB/1.5.0 (Erlang OTP/R16B03)',
27 silly registry.get     etag: '"1C4JD6V95IK0LC0TMTRTXI965"',
27 silly registry.get     'content-type': 'application/json',
27 silly registry.get     'cache-control': 'max-age=60',
27 silly registry.get     'content-length': '50376',
27 silly registry.get     'accept-ranges': 'bytes',
27 silly registry.get     via: '1.1 varnish',
27 silly registry.get     age: '0',
27 silly registry.get     'x-served-by': 'cache-sjc3123-SJC',
27 silly registry.get     'x-cache': 'HIT',
27 silly registry.get     'x-cache-hits': '1',
27 silly registry.get     'x-timer': 'S1421977301.999582,VS0,VE150',
27 silly registry.get     vary: 'Accept',
27 silly registry.get     'keep-alive': 'timeout=10, max=50',
27 silly registry.get     connection: 'Keep-Alive' } ]
28 silly addNameRange number 2 { name: 'react-tools', range: '*', hasData: true }
29 silly addNameRange versions [ 'react-tools',
29 silly addNameRange   [ '0.3.0',
29 silly addNameRange     '0.3.1',
29 silly addNameRange     '0.3.2',
29 silly addNameRange     '0.3.3',
29 silly addNameRange     '0.4.0',
29 silly addNameRange     '0.4.1',
29 silly addNameRange     '0.5.0',
29 silly addNameRange     '0.5.1',
29 silly addNameRange     '0.4.2',
29 silly addNameRange     '0.5.2',
29 silly addNameRange     '0.8.0',
29 silly addNameRange     '0.9.0-rc1',
29 silly addNameRange     '0.9.0',
29 silly addNameRange     '0.10.0-rc1',
29 silly addNameRange     '0.10.0',
29 silly addNameRange     '0.11.0-rc1',
29 silly addNameRange     '0.11.0',
29 silly addNameRange     '0.11.1',
29 silly addNameRange     '0.11.2',
29 silly addNameRange     '0.12.0-rc1',
29 silly addNameRange     '0.12.0',
29 silly addNameRange     '0.12.1',
29 silly addNameRange     '0.12.2',
29 silly addNameRange     '0.13.0-alpha.1',
29 silly addNameRange     '0.13.0-alpha.2' ] ]
30 verbose addNamed [ 'react-tools', '0.12.2' ]
31 verbose addNamed [ '0.12.2', '0.12.2' ]
32 silly lockFile d49341b9-react-tools-0-12-2 react-tools@0.12.2
33 verbose lock react-tools@0.12.2 /Users/b/.npm/d49341b9-react-tools-0-12-2.lock
34 silly lockFile d49341b9-react-tools-0-12-2 react-tools@0.12.2
35 silly lockFile d49341b9-react-tools-0-12-2 react-tools@0.12.2
36 silly lockFile 47fcd5e0-react-tools react-tools@
37 silly lockFile 47fcd5e0-react-tools react-tools@
38 silly resolved [ { name: 'react-tools',
38 silly resolved     description: 'A set of complementary tools to React, including the JSX transformer.',
38 silly resolved     version: '0.12.2',
38 silly resolved     keywords: [ 'react', 'jsx', 'transformer', 'view' ],
38 silly resolved     homepage: 'http://facebook.github.io/react',
38 silly resolved     bugs: { url: 'https://github.com/facebook/react/issues' },
38 silly resolved     license: 'BSD-3-Clause',
38 silly resolved     files: [ 'main.js', 'bin/jsx', 'src/', 'vendor/fbtransform/' ],
38 silly resolved     main: 'main.js',
38 silly resolved     bin: { jsx: './bin/jsx' },
38 silly resolved     repository: { type: 'git', url: 'https://github.com/facebook/react' },
38 silly resolved     dependencies: { commoner: '^0.10.0', jstransform: '^8.2.0' },
38 silly resolved     devDependencies:
38 silly resolved      { benchmark: '~1.0.0',
38 silly resolved        browserify: '^6.1.0',
38 silly resolved        coverify: '~1.0.4',
38 silly resolved        derequire: '^1.2.0',
38 silly resolved        envify: '^3.0.0',
38 silly resolved        es3ify: '~0.1.2',
38 silly resolved        'es5-shim': '^4.0.0',
38 silly resolved        grunt: '~0.4.2',
38 silly resolved        'grunt-cli': '~0.1.9',
38 silly resolved        'grunt-compare-size': '~0.4.0',
38 silly resolved        'grunt-contrib-clean': '^0.6.0',
38 silly resolved        'grunt-contrib-compress': '^0.12.0',
38 silly resolved        'grunt-contrib-connect': '~0.6.0',
38 silly resolved        'grunt-contrib-copy': '^0.6.0',
38 silly resolved        'grunt-contrib-jshint': '^0.10.0',
38 silly resolved        'gzip-js': '~0.3.2',
38 silly resolved        'jasmine-tapreporter': '~0.2.2',
38 silly resolved        'jest-cli': '~0.1.5',
38 silly resolved        lodash: '~2.4.1',
38 silly resolved        optimist: '~0.6.0',
38 silly resolved        phantomjs: '~1.9',
38 silly resolved        platform: '^1.1.0',
38 silly resolved        populist: '~0.1.6',
38 silly resolved        recast: '^0.7.2',
38 silly resolved        'sauce-tunnel': '~1.1.0',
38 silly resolved        tmp: '~0.0.18',
38 silly resolved        'uglify-js': '~2.4.0',
38 silly resolved        uglifyify: '^2.4.0',
38 silly resolved        wd: '~0.2.6' },
38 silly resolved     engines: { node: '>=0.10.0' },
38 silly resolved     preferGlobal: true,
38 silly resolved     commonerConfig: { version: 4 },
38 silly resolved     scripts: { test: 'grunt test', jest: 'jest' },
38 silly resolved     jest:
38 silly resolved      { rootDir: '',
38 silly resolved        scriptPreprocessor: 'jest/preprocessor.js',
38 silly resolved        setupEnvScriptFile: 'jest/environment.js',
38 silly resolved        modulePathIgnorePatterns: [Object],
38 silly resolved        testPathIgnorePatterns: [Object],
38 silly resolved        unmockedModulePathPatterns: [Object] },
38 silly resolved     _id: 'react-tools@0.12.2',
38 silly resolved     _shasum: '92e55a24f8412df6583555dd96ceb8cdb24ae86e',
38 silly resolved     _resolved: 'https://registry.npmjs.org/react-tools/-/react-tools-0.12.2.tgz',
38 silly resolved     _from: 'react-tools@',
38 silly resolved     _npmVersion: '2.1.11',
38 silly resolved     _nodeVersion: '0.10.32',
38 silly resolved     _npmUser: { name: 'zpao', email: 'paul@oshannessy.com' },
38 silly resolved     maintainers: [ [Object], [Object] ],
38 silly resolved     dist:
38 silly resolved      { shasum: '92e55a24f8412df6583555dd96ceb8cdb24ae86e',
38 silly resolved        tarball: 'http://registry.npmjs.org/react-tools/-/react-tools-0.12.2.tgz' },
38 silly resolved     directories: {},
38 silly resolved     readme: 'ERROR: No README data found!' } ]
39 info install react-tools@0.12.2 into /usr/local/lib
40 info installOne react-tools@0.12.2
41 verbose lib/node_modules/react-tools unbuild
42 verbose tar unpack /Users/b/.npm/react-tools/0.12.2/package.tgz
43 silly lockFile 5a40cc9f-cal-lib-node-modules-react-tools tar:///usr/local/lib/node_modules/react-tools
44 verbose lock tar:///usr/local/lib/node_modules/react-tools /Users/b/.npm/5a40cc9f-cal-lib-node-modules-react-tools.lock
45 silly lockFile 12af9c9c-m-react-tools-0-12-2-package-tgz tar:///Users/b/.npm/react-tools/0.12.2/package.tgz
46 verbose lock tar:///Users/b/.npm/react-tools/0.12.2/package.tgz /Users/b/.npm/12af9c9c-m-react-tools-0-12-2-package-tgz.lock
47 silly gunzTarPerm modes [ '755', '644' ]
48 error Error: EACCES, mkdir '/usr/local/lib/node_modules/react-tools'
48 error  { [Error: EACCES, mkdir '/usr/local/lib/node_modules/react-tools']
48 error   errno: 3,
48 error   code: 'EACCES',
48 error   path: '/usr/local/lib/node_modules/react-tools',
48 error   fstream_type: 'Directory',
48 error   fstream_path: '/usr/local/lib/node_modules/react-tools',
48 error   fstream_class: 'DirWriter',
48 error   fstream_stack:
48 error    [ '/usr/local/lib/node_modules/npm/node_modules/fstream/lib/dir-writer.js:36:23',
48 error      '/usr/local/lib/node_modules/npm/node_modules/mkdirp/index.js:46:53',
48 error      'Object.oncomplete (fs.js:107:15)' ] }
49 error Please try running this command again as root/Administrator.
50 error System Darwin 14.0.0
51 error command "node" "/usr/local/bin/npm" "install" "-g" "react-tools"
52 error cwd /Users/b/Projects/bshyong.github.io/assembly/badges
53 error node -v v0.10.32
54 error npm -v 1.4.28
55 error path /usr/local/lib/node_modules/react-tools
56 error fstream_path /usr/local/lib/node_modules/react-tools
57 error fstream_type Directory
58 error fstream_class DirWriter
59 error code EACCES
60 error errno 3
61 error stack Error: EACCES, mkdir '/usr/local/lib/node_modules/react-tools'
62 error fstream_stack /usr/local/lib/node_modules/npm/node_modules/fstream/lib/dir-writer.js:36:23
62 error fstream_stack /usr/local/lib/node_modules/npm/node_modules/mkdirp/index.js:46:53
62 error fstream_stack Object.oncomplete (fs.js:107:15)
63 verbose exit [ 3, true ]
